Determining if the pthread_create exist failed with the following output:
Change Dir: /home/mdl/project/xt_stl/build/CMakeFiles/CMakeTmp

Run Build Command(s):/usr/bin/make cmTC_7ee09/fast 
/usr/bin/make -f CMakeFiles/cmTC_7ee09.dir/build.make CMakeFiles/cmTC_7ee09.dir/build
make[1]: Entering directory '/home/mdl/project/xt_stl/build/CMakeFiles/CMakeTmp'
Building C object CMakeFiles/cmTC_7ee09.dir/CheckSymbolExists.c.o
/usr/bin/x86_64-linux-gnu-gcc-5    -o CMakeFiles/cmTC_7ee09.dir/CheckSymbolExists.c.o   -c /home/mdl/project/xt_stl/build/CMakeFiles/CMakeTmp/CheckSymbolExists.c
Linking C executable cmTC_7ee09
/usr/bin/cmake -E cmake_link_script CMakeFiles/cmTC_7ee09.dir/link.txt --verbose=1
/usr/bin/x86_64-linux-gnu-gcc-5      CMakeFiles/cmTC_7ee09.dir/CheckSymbolExists.c.o  -o cmTC_7ee09 
CMakeFiles/cmTC_7ee09.dir/CheckSymbolExists.c.o: In function `main':
CheckSymbolExists.c:(.text+0x16): undefined reference to `pthread_create'
collect2: error: ld returned 1 exit status
CMakeFiles/cmTC_7ee09.dir/build.make:86: recipe for target 'cmTC_7ee09' failed
make[1]: *** [cmTC_7ee09] Error 1
make[1]: Leaving directory '/home/mdl/project/xt_stl/build/CMakeFiles/CMakeTmp'
Makefile:121: recipe for target 'cmTC_7ee09/fast' failed
make: *** [cmTC_7ee09/fast] Error 2

File /home/mdl/project/xt_stl/build/CMakeFiles/CMakeTmp/CheckSymbolExists.c:
/* */
#include <pthread.h>

int main(int argc, char** argv)
{
  (void)argv;
#ifndef pthread_create
  return ((int*)(&pthread_create))[argc];
#else
  (void)argc;
  return 0;
#endif
}

Determining if the function pthread_create exists in the pthreads failed with the following output:
Change Dir: /home/mdl/project/xt_stl/build/CMakeFiles/CMakeTmp

Run Build Command(s):/usr/bin/make cmTC_e6687/fast 
/usr/bin/make -f CMakeFiles/cmTC_e6687.dir/build.make CMakeFiles/cmTC_e6687.dir/build
make[1]: Entering directory '/home/mdl/project/xt_stl/build/CMakeFiles/CMakeTmp'
Building C object CMakeFiles/cmTC_e6687.dir/CheckFunctionExists.c.o
/usr/bin/x86_64-linux-gnu-gcc-5   -DCHECK_FUNCTION_EXISTS=pthread_create   -o CMakeFiles/cmTC_e6687.dir/CheckFunctionExists.c.o   -c /usr/share/cmake-3.14/Modules/CheckFunctionExists.c
Linking C executable cmTC_e6687
/usr/bin/cmake -E cmake_link_script CMakeFiles/cmTC_e6687.dir/link.txt --verbose=1
/usr/bin/x86_64-linux-gnu-gcc-5  -DCHECK_FUNCTION_EXISTS=pthread_create    CMakeFiles/cmTC_e6687.dir/CheckFunctionExists.c.o  -o cmTC_e6687 -lpthreads 
/usr/bin/ld: cannot find -lpthreads
collect2: error: ld returned 1 exit status
CMakeFiles/cmTC_e6687.dir/build.make:86: recipe for target 'cmTC_e6687' failed
make[1]: *** [cmTC_e6687] Error 1
make[1]: Leaving directory '/home/mdl/project/xt_stl/build/CMakeFiles/CMakeTmp'
Makefile:121: recipe for target 'cmTC_e6687/fast' failed
make: *** [cmTC_e6687/fast] Error 2


